<?xml version="1.0" encoding="UTF-8"?>
<!-- Generated by org.testng.reporters.JUnitReportReporter -->
<testsuite skipped="0" hostname="VPEW07NG01A1384" name="tests.Encryption.CustomerContactPage_731_732_764_S1_Test" tests="1" failures="0" timestamp="16 Jul 2018 18:01:51 GMT" time="111.124" errors="0">
  <testcase name="checkCustomerContact" time="111.124" classname="tests.Encryption.CustomerContactPage_731_732_764_S1_Test"/>
</testsuite> <!-- tests.Encryption.CustomerContactPage_731_732_764_S1_Test -->
