<?xml version="1.0" encoding="UTF-8"?>
<!-- Generated by org.testng.reporters.JUnitReportReporter -->
<testsuite skipped="0" hostname="VPEW07NG01A1384" name="tests.S1_CBP_AdminConfiguresWIDescriptions_Test" tests="1" failures="0" timestamp="10 Jul 2018 03:30:13 GMT" time="39.553" errors="0">
  <testcase name="bC_HetchHetchy_Single" time="39.553" classname="tests.S1_CBP_AdminConfiguresWIDescriptions_Test"/>
</testsuite> <!-- tests.S1_CBP_AdminConfiguresWIDescriptions_Test -->
