<?xml version="1.0" encoding="UTF-8"?>
<!-- Generated by org.testng.reporters.JUnitReportReporter -->
<testsuite hostname="VPEW07NG01A1384" name="tests.LoginTest" tests="1" failures="0" timestamp="24 May 2018 21:14:15 GMT" time="2.838" errors="0">
  <testcase name="loginIntoApplication" time="2.838" classname="tests.LoginTest"/>
</testsuite> <!-- tests.LoginTest -->
