<?xml version="1.0" encoding="UTF-8"?>
<!-- Generated by org.testng.reporters.JUnitReportReporter -->
<testsuite skipped="0" hostname="VPEW07NG01A1384" name="tests.Encryption.IE_CustomerContactPage_731_732_764_S1_Test" tests="1" failures="0" timestamp="23 Jul 2018 20:00:11 GMT" time="51.414" errors="0">
  <testcase name="checkCustomerContact" time="51.414" classname="tests.Encryption.IE_CustomerContactPage_731_732_764_S1_Test"/>
</testsuite> <!-- tests.Encryption.IE_CustomerContactPage_731_732_764_S1_Test -->
